c:\users\miglio\onedrive - txt e-solutions s.p.a\documents\github\homememoryvs\homememory\debug\vc142.pdb
c:\users\miglio\onedrive - txt e-solutions s.p.a\documents\github\homememoryvs\homememory\debug\qrc_darkstyle.obj
c:\users\miglio\onedrive - txt e-solutions s.p.a\documents\github\homememoryvs\homememory\debug\vc143.pdb
c:\users\miglio\onedrive - txt e-solutions s.p.a\documents\github\homememoryvs\homememory\debug\mainwindow.obj
c:\users\miglio\onedrive - txt e-solutions s.p.a\documents\github\homememoryvs\homememory\debug\wfrontwall.obj
c:\users\miglio\onedrive - txt e-solutions s.p.a\documents\github\homememoryvs\homememory\debug\wopenspace.obj
c:\users\miglio\onedrive - txt e-solutions s.p.a\documents\github\homememoryvs\homememory\debug\wsettings.obj
c:\users\miglio\onedrive - txt e-solutions s.p.a\documents\github\homememoryvs\homememory\debug\warmadiettolav.obj
c:\users\miglio\onedrive - txt e-solutions s.p.a\documents\github\homememoryvs\homememory\debug\wbox.obj
c:\users\miglio\onedrive - txt e-solutions s.p.a\documents\github\homememoryvs\homememory\debug\wcasa.obj
c:\users\miglio\onedrive - txt e-solutions s.p.a\documents\github\homememoryvs\homememory\debug\wsearch.obj
c:\users\miglio\onedrive - txt e-solutions s.p.a\documents\github\homememoryvs\homememory\debug\warmadiocassettiera.obj
c:\users\miglio\onedrive - txt e-solutions s.p.a\documents\github\homememoryvs\homememory\debug\wbalcone.obj
c:\users\miglio\onedrive - txt e-solutions s.p.a\documents\github\homememoryvs\homememory\debug\wcucina.obj
c:\users\miglio\onedrive - txt e-solutions s.p.a\documents\github\homememoryvs\homememory\debug\wscarpiera.obj
c:\users\miglio\onedrive - txt e-solutions s.p.a\documents\github\homememoryvs\homememory\debug\main.obj
c:\users\miglio\onedrive - txt e-solutions s.p.a\documents\github\homememoryvs\homememory\debug\wlogo.obj
c:\users\miglio\onedrive - txt e-solutions s.p.a\documents\github\homememoryvs\homememory\debug\wsovraposizioni.obj
c:\users\miglio\onedrive - txt e-solutions s.p.a\documents\github\homememoryvs\homememory\debug\global.obj
c:\users\miglio\onedrive - txt e-solutions s.p.a\documents\github\homememoryvs\homememory\debug\wbagno.obj
c:\users\miglio\onedrive - txt e-solutions s.p.a\documents\github\homememoryvs\homememory\debug\wcantina.obj
c:\users\miglio\onedrive - txt e-solutions s.p.a\documents\github\homememoryvs\homememory\debug\wobjmanager.obj
c:\users\miglio\onedrive - txt e-solutions s.p.a\documents\github\homememoryvs\homememory\debug\wambienti.obj
c:\users\miglio\onedrive - txt e-solutions s.p.a\documents\github\homememoryvs\homememory\debug\wlowbtns.obj
c:\users\miglio\onedrive - txt e-solutions s.p.a\documents\github\homememoryvs\homememory\debug\wsalotto.obj
c:\users\miglio\onedrive - txt e-solutions s.p.a\documents\github\homememoryvs\homememory\debug\wsottoambienti.obj
c:\users\miglio\onedrive - txt e-solutions s.p.a\documents\github\homememoryvs\homememory\debug\wanticamera.obj
c:\users\miglio\onedrive - txt e-solutions s.p.a\documents\github\homememoryvs\homememory\debug\wcantamb.obj
c:\users\miglio\onedrive - txt e-solutions s.p.a\documents\github\homememoryvs\homememory\debug\wleftwall.obj
c:\users\miglio\onedrive - txt e-solutions s.p.a\documents\github\homememoryvs\homememory\debug\wripostiglio.obj
c:\users\miglio\onedrive - txt e-solutions s.p.a\documents\github\homememoryvs\homememory\debug\warmadiobagno.obj
c:\users\miglio\onedrive - txt e-solutions s.p.a\documents\github\homememoryvs\homememory\debug\wcamera.obj
c:\users\miglio\onedrive - txt e-solutions s.p.a\documents\github\homememoryvs\homememory\debug\wlibuni.obj
c:\users\miglio\onedrive - txt e-solutions s.p.a\documents\github\homememoryvs\homememory\debug\wscrivaniacomodino.obj
c:\users\miglio\onedrive - txt e-solutions s.p.a\documents\github\homememoryvs\homememory\debug\moc_warmadiobagno.obj
c:\users\miglio\onedrive - txt e-solutions s.p.a\documents\github\homememoryvs\homememory\debug\moc_wbox.obj
c:\users\miglio\onedrive - txt e-solutions s.p.a\documents\github\homememoryvs\homememory\debug\moc_wfrontwall.obj
c:\users\miglio\onedrive - txt e-solutions s.p.a\documents\github\homememoryvs\homememory\debug\moc_wripostiglio.obj
c:\users\miglio\onedrive - txt e-solutions s.p.a\documents\github\homememoryvs\homememory\debug\moc_wsottoambienti.obj
c:\users\miglio\onedrive - txt e-solutions s.p.a\documents\github\homememoryvs\homememory\debug\moc_wambienti.obj
c:\users\miglio\onedrive - txt e-solutions s.p.a\documents\github\homememoryvs\homememory\debug\moc_wobjmanager.obj
c:\users\miglio\onedrive - txt e-solutions s.p.a\documents\github\homememoryvs\homememory\debug\moc_wbagno.obj
c:\users\miglio\onedrive - txt e-solutions s.p.a\documents\github\homememoryvs\homememory\debug\moc_wcamera.obj
c:\users\miglio\onedrive - txt e-solutions s.p.a\documents\github\homememoryvs\homememory\debug\moc_wlogo.obj
c:\users\miglio\onedrive - txt e-solutions s.p.a\documents\github\homememoryvs\homememory\debug\moc_wbalcone.obj
c:\users\miglio\onedrive - txt e-solutions s.p.a\documents\github\homememoryvs\homememory\debug\moc_wcucina.obj
c:\users\miglio\onedrive - txt e-solutions s.p.a\documents\github\homememoryvs\homememory\debug\moc_wlowbtns.obj
c:\users\miglio\onedrive - txt e-solutions s.p.a\documents\github\homememoryvs\homememory\debug\moc_wsettings.obj
c:\users\miglio\onedrive - txt e-solutions s.p.a\documents\github\homememoryvs\homememory\debug\moc_warmadiettolav.obj
c:\users\miglio\onedrive - txt e-solutions s.p.a\documents\github\homememoryvs\homememory\debug\moc_wcasa.obj
c:\users\miglio\onedrive - txt e-solutions s.p.a\documents\github\homememoryvs\homememory\debug\moc_wscrivaniacomodino.obj
c:\users\miglio\onedrive - txt e-solutions s.p.a\documents\github\homememoryvs\homememory\debug\moc_warmadiocassettiera.obj
c:\users\miglio\onedrive - txt e-solutions s.p.a\documents\github\homememoryvs\homememory\debug\moc_wcantina.obj
c:\users\miglio\onedrive - txt e-solutions s.p.a\documents\github\homememoryvs\homememory\debug\moc_wlibuni.obj
c:\users\miglio\onedrive - txt e-solutions s.p.a\documents\github\homememoryvs\homememory\debug\moc_wscarpiera.obj
c:\users\miglio\onedrive - txt e-solutions s.p.a\documents\github\homememoryvs\homememory\debug\moc_wanticamera.obj
c:\users\miglio\onedrive - txt e-solutions s.p.a\documents\github\homememoryvs\homememory\debug\moc_wcantamb.obj
c:\users\miglio\onedrive - txt e-solutions s.p.a\documents\github\homememoryvs\homememory\debug\moc_wleftwall.obj
c:\users\miglio\onedrive - txt e-solutions s.p.a\documents\github\homememoryvs\homememory\debug\moc_wsalotto.obj
c:\users\miglio\onedrive - txt e-solutions s.p.a\documents\github\homememoryvs\homememory\debug\moc_wsovraposizioni.obj
c:\users\miglio\onedrive - txt e-solutions s.p.a\documents\github\homememoryvs\homememory\debug\moc_mainwindow.obj
c:\users\miglio\onedrive - txt e-solutions s.p.a\documents\github\homememoryvs\homememory\debug\moc_wopenspace.obj
c:\users\miglio\onedrive - txt e-solutions s.p.a\documents\github\homememoryvs\homememory\debug\moc_wsearch.obj
c:\users\miglio\onedrive - txt e-solutions s.p.a\documents\github\homememoryvs\homememory\debug\moc_predefs.h
c:\users\miglio\onedrive - txt e-solutions s.p.a\documents\github\homememoryvs\homememory\ui_wanticamera.h
c:\users\miglio\onedrive - txt e-solutions s.p.a\documents\github\homememoryvs\homememory\ui_warmadiettolav.h
c:\users\miglio\onedrive - txt e-solutions s.p.a\documents\github\homememoryvs\homememory\ui_warmadiobagno.h
c:\users\miglio\onedrive - txt e-solutions s.p.a\documents\github\homememoryvs\homememory\ui_warmadiocassettiera.h
c:\users\miglio\onedrive - txt e-solutions s.p.a\documents\github\homememoryvs\homememory\ui_wbagno.h
c:\users\miglio\onedrive - txt e-solutions s.p.a\documents\github\homememoryvs\homememory\ui_wbalcone.h
c:\users\miglio\onedrive - txt e-solutions s.p.a\documents\github\homememoryvs\homememory\ui_wbox.h
c:\users\miglio\onedrive - txt e-solutions s.p.a\documents\github\homememoryvs\homememory\ui_wcamera.h
c:\users\miglio\onedrive - txt e-solutions s.p.a\documents\github\homememoryvs\homememory\ui_wcantina.h
c:\users\miglio\onedrive - txt e-solutions s.p.a\documents\github\homememoryvs\homememory\ui_wcucina.h
c:\users\miglio\onedrive - txt e-solutions s.p.a\documents\github\homememoryvs\homememory\ui_wfrontwall.h
c:\users\miglio\onedrive - txt e-solutions s.p.a\documents\github\homememoryvs\homememory\ui_wleftwall.h
c:\users\miglio\onedrive - txt e-solutions s.p.a\documents\github\homememoryvs\homememory\ui_wlibuni.h
c:\users\miglio\onedrive - txt e-solutions s.p.a\documents\github\homememoryvs\homememory\ui_wobjmanager.h
c:\users\miglio\onedrive - txt e-solutions s.p.a\documents\github\homememoryvs\homememory\ui_wopenspace.h
c:\users\miglio\onedrive - txt e-solutions s.p.a\documents\github\homememoryvs\homememory\ui_wripostiglio.h
c:\users\miglio\onedrive - txt e-solutions s.p.a\documents\github\homememoryvs\homememory\ui_wsalotto.h
c:\users\miglio\onedrive - txt e-solutions s.p.a\documents\github\homememoryvs\homememory\ui_wscarpiera.h
c:\users\miglio\onedrive - txt e-solutions s.p.a\documents\github\homememoryvs\homememory\ui_wscrivaniacomodino.h
c:\users\miglio\onedrive - txt e-solutions s.p.a\documents\github\homememoryvs\homememory\ui_wsearch.h
c:\users\miglio\onedrive - txt e-solutions s.p.a\documents\github\homememoryvs\homememory\ui_wsettings.h
c:\users\miglio\onedrive - txt e-solutions s.p.a\documents\github\homememoryvs\homememory\debug\qrc_darkstyle.cpp
c:\users\miglio\onedrive - txt e-solutions s.p.a\documents\github\homememoryvs\homememory\debug\moc_mainwindow.cpp
c:\users\miglio\onedrive - txt e-solutions s.p.a\documents\github\homememoryvs\homememory\debug\moc_wambienti.cpp
c:\users\miglio\onedrive - txt e-solutions s.p.a\documents\github\homememoryvs\homememory\debug\moc_wanticamera.cpp
c:\users\miglio\onedrive - txt e-solutions s.p.a\documents\github\homememoryvs\homememory\debug\moc_warmadiettolav.cpp
c:\users\miglio\onedrive - txt e-solutions s.p.a\documents\github\homememoryvs\homememory\debug\moc_warmadiobagno.cpp
c:\users\miglio\onedrive - txt e-solutions s.p.a\documents\github\homememoryvs\homememory\debug\moc_warmadiocassettiera.cpp
c:\users\miglio\onedrive - txt e-solutions s.p.a\documents\github\homememoryvs\homememory\debug\moc_wbagno.cpp
c:\users\miglio\onedrive - txt e-solutions s.p.a\documents\github\homememoryvs\homememory\debug\moc_wbalcone.cpp
c:\users\miglio\onedrive - txt e-solutions s.p.a\documents\github\homememoryvs\homememory\debug\moc_wbox.cpp
c:\users\miglio\onedrive - txt e-solutions s.p.a\documents\github\homememoryvs\homememory\debug\moc_wcamera.cpp
c:\users\miglio\onedrive - txt e-solutions s.p.a\documents\github\homememoryvs\homememory\debug\moc_wcantamb.cpp
c:\users\miglio\onedrive - txt e-solutions s.p.a\documents\github\homememoryvs\homememory\debug\moc_wcantina.cpp
c:\users\miglio\onedrive - txt e-solutions s.p.a\documents\github\homememoryvs\homememory\debug\moc_wcasa.cpp
c:\users\miglio\onedrive - txt e-solutions s.p.a\documents\github\homememoryvs\homememory\debug\moc_wcucina.cpp
c:\users\miglio\onedrive - txt e-solutions s.p.a\documents\github\homememoryvs\homememory\debug\moc_wfrontwall.cpp
c:\users\miglio\onedrive - txt e-solutions s.p.a\documents\github\homememoryvs\homememory\debug\moc_wleftwall.cpp
c:\users\miglio\onedrive - txt e-solutions s.p.a\documents\github\homememoryvs\homememory\debug\moc_wlibuni.cpp
c:\users\miglio\onedrive - txt e-solutions s.p.a\documents\github\homememoryvs\homememory\debug\moc_wlogo.cpp
c:\users\miglio\onedrive - txt e-solutions s.p.a\documents\github\homememoryvs\homememory\debug\moc_wlowbtns.cpp
c:\users\miglio\onedrive - txt e-solutions s.p.a\documents\github\homememoryvs\homememory\debug\moc_wobjmanager.cpp
c:\users\miglio\onedrive - txt e-solutions s.p.a\documents\github\homememoryvs\homememory\debug\moc_wopenspace.cpp
c:\users\miglio\onedrive - txt e-solutions s.p.a\documents\github\homememoryvs\homememory\debug\moc_wripostiglio.cpp
c:\users\miglio\onedrive - txt e-solutions s.p.a\documents\github\homememoryvs\homememory\debug\moc_wsalotto.cpp
c:\users\miglio\onedrive - txt e-solutions s.p.a\documents\github\homememoryvs\homememory\debug\moc_wscarpiera.cpp
c:\users\miglio\onedrive - txt e-solutions s.p.a\documents\github\homememoryvs\homememory\debug\moc_wscrivaniacomodino.cpp
c:\users\miglio\onedrive - txt e-solutions s.p.a\documents\github\homememoryvs\homememory\debug\moc_wsearch.cpp
c:\users\miglio\onedrive - txt e-solutions s.p.a\documents\github\homememoryvs\homememory\debug\moc_wsettings.cpp
c:\users\miglio\onedrive - txt e-solutions s.p.a\documents\github\homememoryvs\homememory\debug\moc_wsottoambienti.cpp
c:\users\miglio\onedrive - txt e-solutions s.p.a\documents\github\homememoryvs\homememory\debug\moc_wsovraposizioni.cpp
c:\users\miglio\onedrive - txt e-solutions s.p.a\documents\github\homememoryvs\homememory\debug\homememory.exe
c:\users\miglio\onedrive - txt e-solutions s.p.a\documents\github\homememoryvs\homememory\debug\homememory.ilk
c:\users\miglio\onedrive - txt e-solutions s.p.a\documents\github\homememoryvs\homememory\debug\homememory.pdb
c:\users\miglio\onedrive - txt e-solutions s.p.a\documents\github\homememoryvs\homememory\debug\homememory.tlog\cl.command.1.tlog
c:\users\miglio\onedrive - txt e-solutions s.p.a\documents\github\homememoryvs\homememory\debug\homememory.tlog\cl.items.tlog
c:\users\miglio\onedrive - txt e-solutions s.p.a\documents\github\homememoryvs\homememory\debug\homememory.tlog\cl.read.1.tlog
c:\users\miglio\onedrive - txt e-solutions s.p.a\documents\github\homememoryvs\homememory\debug\homememory.tlog\cl.write.1.tlog
c:\users\miglio\onedrive - txt e-solutions s.p.a\documents\github\homememoryvs\homememory\debug\homememory.tlog\custombuild.command.1.tlog
c:\users\miglio\onedrive - txt e-solutions s.p.a\documents\github\homememoryvs\homememory\debug\homememory.tlog\custombuild.read.1.tlog
c:\users\miglio\onedrive - txt e-solutions s.p.a\documents\github\homememoryvs\homememory\debug\homememory.tlog\custombuild.write.1.tlog
c:\users\miglio\onedrive - txt e-solutions s.p.a\documents\github\homememoryvs\homememory\debug\homememory.tlog\homememory.write.1u.tlog
c:\users\miglio\onedrive - txt e-solutions s.p.a\documents\github\homememoryvs\homememory\debug\homememory.tlog\link.command.1.tlog
c:\users\miglio\onedrive - txt e-solutions s.p.a\documents\github\homememoryvs\homememory\debug\homememory.tlog\link.read.1.tlog
c:\users\miglio\onedrive - txt e-solutions s.p.a\documents\github\homememoryvs\homememory\debug\homememory.tlog\link.write.1.tlog
c:\users\miglio\onedrive - txt e-solutions s.p.a\documents\github\homememoryvs\homememory\debug\homememory.tlog\moc.read.1u.tlog
c:\users\miglio\onedrive - txt e-solutions s.p.a\documents\github\homememoryvs\homememory\debug\homememory.tlog\moc.write.1u.tlog
c:\users\miglio\onedrive - txt e-solutions s.p.a\documents\github\homememoryvs\homememory\debug\homememory.tlog\rcc.read.1u.tlog
c:\users\miglio\onedrive - txt e-solutions s.p.a\documents\github\homememoryvs\homememory\debug\homememory.tlog\rcc.write.1u.tlog
c:\users\miglio\onedrive - txt e-solutions s.p.a\documents\github\homememoryvs\homememory\debug\homememory.tlog\uic.read.1u.tlog
c:\users\miglio\onedrive - txt e-solutions s.p.a\documents\github\homememoryvs\homememory\debug\homememory.tlog\uic.write.1u.tlog
